{"/Users/josepena/Documents/IBM-test-book-tracker/book-tracker/src/apps/books/interface/book.interface.ts": {"path":"/Users/josepena/Documents/IBM-test-book-tracker/book-tracker/src/apps/books/interface/book.interface.ts","statementMap":{"0":{"start":{"line":1,"column":0},"end":{"line":1,"column":null}},"1":{"start":{"line":2,"column":4},"end":{"line":2,"column":null}},"2":{"start":{"line":3,"column":4},"end":{"line":3,"column":null}},"3":{"start":{"line":4,"column":4},"end":{"line":4,"column":null}}},"fnMap":{"0":{"name":"(anonymous_0)","decl":{"start":{"line":1,"column":0},"end":{"line":1,"column":12}},"loc":{"start":{"line":1,"column":19},"end":{"line":5,"column":1}}}},"branchMap":{"0":{"loc":{"start":{"line":1,"column":12},"end":{"line":1,"column":null}},"type":"binary-expr","locations":[{"start":{"line":1,"column":12},"end":{"line":1,"column":19}},{"start":{"line":1,"column":12},"end":{"line":1,"column":null}}]}},"s":{"0":1,"1":1,"2":1,"3":1},"f":{"0":1},"b":{"0":[1,1]}}
,"/Users/josepena/Documents/IBM-test-book-tracker/book-tracker/src/apps/books/schema/books.schema.ts": {"path":"/Users/josepena/Documents/IBM-test-book-tracker/book-tracker/src/apps/books/schema/books.schema.ts","statementMap":{"0":{"start":{"line":1,"column":0},"end":{"line":1,"column":null}},"1":{"start":{"line":5,"column":0},"end":{"line":5,"column":54}},"2":{"start":{"line":6,"column":0},"end":{"line":6,"column":34}},"3":{"start":{"line":8,"column":13},"end":{"line":24,"column":42}},"4":{"start":{"line":26,"column":13},"end":{"line":26,"column":57}}},"fnMap":{},"branchMap":{},"s":{"0":1,"1":1,"2":1,"3":1,"4":1},"f":{},"b":{}}
,"/Users/josepena/Documents/IBM-test-book-tracker/book-tracker/src/apps/books/service/book.service.ts": {"path":"/Users/josepena/Documents/IBM-test-book-tracker/book-tracker/src/apps/books/service/book.service.ts","statementMap":{"0":{"start":{"line":2,"column":0},"end":{"line":2,"column":50}},"1":{"start":{"line":10,"column":4},"end":{"line":10,"column":null}},"2":{"start":{"line":20,"column":20},"end":{"line":20,"column":46}},"3":{"start":{"line":21,"column":25},"end":{"line":21,"column":47}},"4":{"start":{"line":22,"column":4},"end":{"line":24,"column":null}},"5":{"start":{"line":23,"column":6},"end":{"line":23,"column":null}},"6":{"start":{"line":25,"column":4},"end":{"line":25,"column":null}},"7":{"start":{"line":34,"column":30},"end":{"line":34,"column":73}},"8":{"start":{"line":36,"column":4},"end":{"line":38,"column":null}},"9":{"start":{"line":37,"column":6},"end":{"line":37,"column":null}},"10":{"start":{"line":40,"column":4},"end":{"line":40,"column":null}},"11":{"start":{"line":50,"column":23},"end":{"line":50,"column":66}},"12":{"start":{"line":52,"column":4},"end":{"line":54,"column":null}},"13":{"start":{"line":53,"column":6},"end":{"line":53,"column":null}},"14":{"start":{"line":55,"column":4},"end":{"line":57,"column":null}},"15":{"start":{"line":56,"column":6},"end":{"line":56,"column":45}},"16":{"start":{"line":59,"column":4},"end":{"line":59,"column":44}},"17":{"start":{"line":68,"column":23},"end":{"line":68,"column":66}},"18":{"start":{"line":70,"column":4},"end":{"line":72,"column":null}},"19":{"start":{"line":71,"column":6},"end":{"line":71,"column":null}},"20":{"start":{"line":73,"column":24},"end":{"line":73,"column":61}},"21":{"start":{"line":74,"column":25},"end":{"line":74,"column":51}},"22":{"start":{"line":75,"column":4},"end":{"line":77,"column":null}},"23":{"start":{"line":76,"column":6},"end":{"line":76,"column":null}},"24":{"start":{"line":78,"column":4},"end":{"line":78,"column":null}},"25":{"start":{"line":88,"column":17},"end":{"line":88,"column":68}},"26":{"start":{"line":90,"column":4},"end":{"line":92,"column":null}},"27":{"start":{"line":91,"column":6},"end":{"line":91,"column":null}},"28":{"start":{"line":93,"column":4},"end":{"line":93,"column":null}},"29":{"start":{"line":97,"column":0},"end":{"line":97,"column":null}}},"fnMap":{"0":{"name":"(anonymous_0)","decl":{"start":{"line":9,"column":2},"end":{"line":9,"column":7}},"loc":{"start":{"line":9,"column":31},"end":{"line":11,"column":3}}},"1":{"name":"(anonymous_1)","decl":{"start":{"line":18,"column":2},"end":{"line":18,"column":7}},"loc":{"start":{"line":18,"column":25},"end":{"line":26,"column":3}}},"2":{"name":"(anonymous_2)","decl":{"start":{"line":33,"column":2},"end":{"line":33,"column":7}},"loc":{"start":{"line":33,"column":51},"end":{"line":41,"column":3}}},"3":{"name":"(anonymous_3)","decl":{"start":{"line":49,"column":2},"end":{"line":49,"column":7}},"loc":{"start":{"line":49,"column":66},"end":{"line":60,"column":3}}},"4":{"name":"(anonymous_4)","decl":{"start":{"line":67,"column":2},"end":{"line":67,"column":7}},"loc":{"start":{"line":67,"column":68},"end":{"line":79,"column":3}}},"5":{"name":"(anonymous_5)","decl":{"start":{"line":87,"column":2},"end":{"line":87,"column":7}},"loc":{"start":{"line":87,"column":46},"end":{"line":94,"column":3}}}},"branchMap":{"0":{"loc":{"start":{"line":22,"column":4},"end":{"line":24,"column":null}},"type":"if","locations":[{"start":{"line":22,"column":4},"end":{"line":24,"column":null}}]},"1":{"loc":{"start":{"line":36,"column":4},"end":{"line":38,"column":null}},"type":"if","locations":[{"start":{"line":36,"column":4},"end":{"line":38,"column":null}}]},"2":{"loc":{"start":{"line":52,"column":4},"end":{"line":54,"column":null}},"type":"if","locations":[{"start":{"line":52,"column":4},"end":{"line":54,"column":null}}]},"3":{"loc":{"start":{"line":55,"column":4},"end":{"line":57,"column":null}},"type":"if","locations":[{"start":{"line":55,"column":4},"end":{"line":57,"column":null}}]},"4":{"loc":{"start":{"line":70,"column":4},"end":{"line":72,"column":null}},"type":"if","locations":[{"start":{"line":70,"column":4},"end":{"line":72,"column":null}}]},"5":{"loc":{"start":{"line":75,"column":4},"end":{"line":77,"column":null}},"type":"if","locations":[{"start":{"line":75,"column":4},"end":{"line":77,"column":null}}]},"6":{"loc":{"start":{"line":90,"column":4},"end":{"line":92,"column":null}},"type":"if","locations":[{"start":{"line":90,"column":4},"end":{"line":92,"column":null}}]}},"s":{"0":1,"1":1,"2":9,"3":9,"4":9,"5":1,"6":8,"7":4,"8":4,"9":1,"10":3,"11":3,"12":3,"13":1,"14":2,"15":1,"16":1,"17":3,"18":3,"19":1,"20":2,"21":2,"22":2,"23":1,"24":1,"25":0,"26":0,"27":0,"28":0,"29":1},"f":{"0":1,"1":9,"2":4,"3":3,"4":3,"5":0},"b":{"0":[1],"1":[1],"2":[1],"3":[1],"4":[1],"5":[1],"6":[0]}}
,"/Users/josepena/Documents/IBM-test-book-tracker/book-tracker/src/apps/users/schema/user.schema.ts": {"path":"/Users/josepena/Documents/IBM-test-book-tracker/book-tracker/src/apps/users/schema/user.schema.ts","statementMap":{"0":{"start":{"line":1,"column":0},"end":{"line":1,"column":null}},"1":{"start":{"line":5,"column":0},"end":{"line":5,"column":34}},"2":{"start":{"line":7,"column":13},"end":{"line":10,"column":3}},"3":{"start":{"line":13,"column":13},"end":{"line":13,"column":58}}},"fnMap":{},"branchMap":{},"s":{"0":1,"1":1,"2":1,"3":1},"f":{},"b":{}}
,"/Users/josepena/Documents/IBM-test-book-tracker/book-tracker/src/apps/users/service/user.service.ts": {"path":"/Users/josepena/Documents/IBM-test-book-tracker/book-tracker/src/apps/users/service/user.service.ts","statementMap":{"0":{"start":{"line":2,"column":0},"end":{"line":2,"column":49}},"1":{"start":{"line":11,"column":17},"end":{"line":11,"column":53}},"2":{"start":{"line":13,"column":4},"end":{"line":20,"column":null}},"3":{"start":{"line":14,"column":22},"end":{"line":14,"column":41}},"4":{"start":{"line":15,"column":24},"end":{"line":15,"column":46}},"5":{"start":{"line":16,"column":6},"end":{"line":18,"column":null}},"6":{"start":{"line":17,"column":8},"end":{"line":17,"column":43}},"7":{"start":{"line":19,"column":6},"end":{"line":19,"column":34}},"8":{"start":{"line":21,"column":4},"end":{"line":21,"column":16}},"9":{"start":{"line":25,"column":0},"end":{"line":25,"column":33}}},"fnMap":{"0":{"name":"(anonymous_0)","decl":{"start":{"line":10,"column":2},"end":{"line":10,"column":7}},"loc":{"start":{"line":10,"column":32},"end":{"line":22,"column":3}}}},"branchMap":{"0":{"loc":{"start":{"line":13,"column":4},"end":{"line":20,"column":null}},"type":"if","locations":[{"start":{"line":13,"column":4},"end":{"line":20,"column":null}}]},"1":{"loc":{"start":{"line":16,"column":6},"end":{"line":18,"column":null}},"type":"if","locations":[{"start":{"line":16,"column":6},"end":{"line":18,"column":null}}]}},"s":{"0":1,"1":11,"2":11,"3":3,"4":3,"5":3,"6":0,"7":3,"8":8,"9":1},"f":{"0":11},"b":{"0":[3],"1":[0]}}
,"/Users/josepena/Documents/IBM-test-book-tracker/book-tracker/src/config/db/index.ts": {"path":"/Users/josepena/Documents/IBM-test-book-tracker/book-tracker/src/config/db/index.ts","statementMap":{"0":{"start":{"line":1,"column":0},"end":{"line":1,"column":32}},"1":{"start":{"line":6,"column":9},"end":{"line":12,"column":11}},"2":{"start":{"line":7,"column":12},"end":{"line":11,"column":null}},"3":{"start":{"line":8,"column":16},"end":{"line":8,"column":41}},"4":{"start":{"line":10,"column":16},"end":{"line":10,"column":68}},"5":{"start":{"line":15,"column":8},"end":{"line":15,"column":36}},"6":{"start":{"line":3,"column":0},"end":{"line":3,"column":21}}},"fnMap":{"0":{"name":"(anonymous_1)","decl":{"start":{"line":5,"column":11},"end":{"line":5,"column":18}},"loc":{"start":{"line":5,"column":30},"end":{"line":13,"column":5}}},"1":{"name":"(anonymous_2)","decl":{"start":{"line":6,"column":31},"end":{"line":6,"column":32}},"loc":{"start":{"line":6,"column":44},"end":{"line":12,"column":9}}},"2":{"name":"(anonymous_3)","decl":{"start":{"line":14,"column":11},"end":{"line":14,"column":21}},"loc":{"start":{"line":14,"column":21},"end":{"line":16,"column":5}}}},"branchMap":{"0":{"loc":{"start":{"line":7,"column":12},"end":{"line":11,"column":null}},"type":"if","locations":[{"start":{"line":7,"column":12},"end":{"line":11,"column":null}},{"start":{"line":9,"column":19},"end":{"line":11,"column":null}}]}},"s":{"0":1,"1":1,"2":1,"3":0,"4":1,"5":1,"6":1},"f":{"0":1,"1":1,"2":1},"b":{"0":[0,1]}}
}
