TN:
SF:src/apps/books/interface/book.interface.ts
FN:1,(anonymous_0)
FNF:1
FNH:1
FNDA:1,(anonymous_0)
DA:1,1
DA:2,1
DA:3,1
DA:4,1
LF:4
LH:4
BRDA:1,0,0,1
BRDA:1,0,1,1
BRF:2
BRH:2
end_of_record
TN:
SF:src/apps/books/schema/books.schema.ts
FNF:0
FNH:0
DA:1,1
DA:5,1
DA:6,1
DA:8,1
DA:26,1
LF:5
LH:5
BRF:0
BRH:0
end_of_record
TN:
SF:src/apps/books/service/book.service.ts
FN:9,(anonymous_0)
FN:18,(anonymous_1)
FN:33,(anonymous_2)
FN:49,(anonymous_3)
FN:67,(anonymous_4)
FN:87,(anonymous_5)
FNF:6
FNH:5
FNDA:1,(anonymous_0)
FNDA:9,(anonymous_1)
FNDA:4,(anonymous_2)
FNDA:3,(anonymous_3)
FNDA:3,(anonymous_4)
FNDA:0,(anonymous_5)
DA:2,1
DA:10,1
DA:20,9
DA:21,9
DA:22,9
DA:23,1
DA:25,8
DA:34,4
DA:36,4
DA:37,1
DA:40,3
DA:50,3
DA:52,3
DA:53,1
DA:55,2
DA:56,1
DA:59,1
DA:68,3
DA:70,3
DA:71,1
DA:73,2
DA:74,2
DA:75,2
DA:76,1
DA:78,1
DA:88,0
DA:90,0
DA:91,0
DA:93,0
DA:97,1
LF:30
LH:26
BRDA:22,0,0,1
BRDA:36,1,0,1
BRDA:52,2,0,1
BRDA:55,3,0,1
BRDA:70,4,0,1
BRDA:75,5,0,1
BRDA:90,6,0,0
BRF:7
BRH:6
end_of_record
TN:
SF:src/apps/users/schema/user.schema.ts
FNF:0
FNH:0
DA:1,1
DA:5,1
DA:7,1
DA:13,1
LF:4
LH:4
BRF:0
BRH:0
end_of_record
TN:
SF:src/apps/users/service/user.service.ts
FN:10,(anonymous_0)
FNF:1
FNH:1
FNDA:11,(anonymous_0)
DA:2,1
DA:11,11
DA:13,11
DA:14,3
DA:15,3
DA:16,3
DA:17,0
DA:19,3
DA:21,8
DA:25,1
LF:10
LH:9
BRDA:13,0,0,3
BRDA:16,1,0,0
BRF:2
BRH:1
end_of_record
TN:
SF:src/config/db/index.ts
FN:5,(anonymous_1)
FN:6,(anonymous_2)
FN:14,(anonymous_3)
FNF:3
FNH:3
FNDA:1,(anonymous_1)
FNDA:1,(anonymous_2)
FNDA:1,(anonymous_3)
DA:1,1
DA:3,1
DA:6,1
DA:7,1
DA:8,0
DA:10,1
DA:15,1
LF:7
LH:6
BRDA:7,0,0,0
BRDA:7,0,1,1
BRF:2
BRH:1
end_of_record
